<?xml version="1.0" encoding="UTF-8"?>
<!-- Generated by org.testng.reporters.JUnitReportReporter -->
<testsuite hostname="DESKTOP-EHKADM5" failures="0" tests="3" name="piit.AutomatinTrainingProgram.browsers" time="4.877" errors="0" timestamp="2022-05-12T18:50:05 EDT" skipped="0">
  <testcase classname="piit.AutomatinTrainingProgram.browsers" name="f" time="4.397"/>
  <system-out/>
  <testcase classname="piit.AutomatinTrainingProgram.browsers" name="f" time="0.239"/>
  <system-out/>
  <testcase classname="piit.AutomatinTrainingProgram.browsers" name="f" time="0.241"/>
  <system-out/>
</testsuite> <!-- piit.AutomatinTrainingProgram.browsers -->
