<?xml version="1.0" encoding="UTF-8"?>
<!-- Generated by org.testng.reporters.JUnitReportReporter -->
<testsuite hostname="DESKTOP-EHKADM5" failures="0" tests="1" name="M.common.Hocinee" time="0.005" errors="0" timestamp="2022-05-12T18:07:24 EDT" skipped="0">
  <testcase classname="M.common.Hocinee" name="f" time="0.005"/>
  <system-out/>
</testsuite> <!-- M.common.Hocinee -->
