<?xml version="1.0" encoding="UTF-8"?>
<!-- Generated by org.testng.reporters.JUnitReportReporter -->
<testsuite hostname="DESKTOP-EHKADM5" failures="0" tests="3" name="piit.AutomatinTrainingProgram.Execution" time="0.003" errors="0" timestamp="2022-05-11T18:33:16 EDT" skipped="0">
  <testcase classname="piit.AutomatinTrainingProgram.Execution" name="f" time="0.000"/>
  <system-out/>
  <testcase classname="piit.AutomatinTrainingProgram.Execution" name="f" time="0.001"/>
  <system-out/>
  <testcase classname="piit.AutomatinTrainingProgram.Execution" name="f" time="0.002"/>
  <system-out/>
</testsuite> <!-- piit.AutomatinTrainingProgram.Execution -->
