<?xml version="1.0" encoding="UTF-8"?>
<!-- Generated by org.testng.reporters.JUnitReportReporter -->
<testsuite hostname="DESKTOP-EHKADM5" failures="0" tests="3" name="piit.AutomatinTrainingProgram.browsers" time="4.093" errors="0" timestamp="2022-05-17T16:53:13 EDT" skipped="0">
  <testcase classname="piit.AutomatinTrainingProgram.browsers" name="f" time="3.613"/>
  <system-out/>
  <testcase classname="piit.AutomatinTrainingProgram.browsers" name="f" time="0.247"/>
  <system-out/>
  <testcase classname="piit.AutomatinTrainingProgram.browsers" name="f" time="0.233"/>
  <system-out/>
</testsuite> <!-- piit.AutomatinTrainingProgram.browsers -->
